  Engine.cpp
d:\libraries\desktop\ub\06. sem 6\pemrograman game\tugas\kelompok\astaga\garuda final lonte\garuda\garuda\engine\engine.cpp(97): warning C4551: function call missing argument list
  Text.cpp
d:\libraries\desktop\ub\06. sem 6\pemrograman game\tugas\kelompok\astaga\garuda final lonte\garuda\garuda\engine\graphics\text.cpp(81): warning C4838: conversion from 'FT_Pos' to 'GLuint' requires a narrowing conversion
  Keyboard.cpp
  Math.cpp
d:\libraries\desktop\ub\06. sem 6\pemrograman game\tugas\kelompok\astaga\garuda final lonte\garuda\garuda\engine\math\math.cpp(40): warning C4018: '<': signed/unsigned mismatch
d:\libraries\desktop\ub\06. sem 6\pemrograman game\tugas\kelompok\astaga\garuda final lonte\garuda\garuda\engine\math\math.cpp(53): warning C4018: '<': signed/unsigned mismatch
  Rect.cpp
d:\libraries\desktop\ub\06. sem 6\pemrograman game\tugas\kelompok\astaga\garuda final lonte\garuda\garuda\engine\math\rect.h(6): warning C4067: unexpected tokens following preprocessor directive - expected a newline
  Vector3.cpp
  BadanKaku.cpp
d:\libraries\desktop\ub\06. sem 6\pemrograman game\tugas\kelompok\astaga\garuda final lonte\garuda\garuda\engine\math\rect.h(6): warning C4067: unexpected tokens following preprocessor directive - expected a newline
d:\libraries\desktop\ub\06. sem 6\pemrograman game\tugas\kelompok\astaga\garuda final lonte\garuda\garuda\engine\physics\badankaku.cpp(128): warning C4018: '<': signed/unsigned mismatch
  Garuda.cpp
d:\libraries\desktop\ub\06. sem 6\pemrograman game\tugas\kelompok\astaga\garuda final lonte\garuda\garuda\engine\math\rect.h(6): warning C4067: unexpected tokens following preprocessor directive - expected a newline
d:\libraries\desktop\ub\06. sem 6\pemrograman game\tugas\kelompok\astaga\garuda final lonte\garuda\garuda\garuda.cpp(10): warning C4244: 'argument': conversion from 'time_t' to 'unsigned int', possible loss of data
  Sprite.cpp
  Texture.cpp
  Mouse.cpp
  GameManager.cpp
d:\libraries\desktop\ub\06. sem 6\pemrograman game\tugas\kelompok\astaga\garuda final lonte\garuda\garuda\engine\math\rect.h(6): warning C4067: unexpected tokens following preprocessor directive - expected a newline
c:\program files (x86)\windows kits\10\include\10.0.15063.0\shared\minwindef.h(130): warning C4005: 'APIENTRY': macro redefinition
  d:\libraries\desktop\ub\06. sem 6\pemrograman game\tugas\kelompok\astaga\garuda final lonte\garuda\packages\nupengl.core.0.1.0.1\build\native\include\glfw\glfw3.h(92): note: see previous definition of 'APIENTRY'
d:\libraries\desktop\ub\06. sem 6\pemrograman game\tugas\kelompok\astaga\garuda final lonte\garuda\garuda\gliderpunk\gamemanager.cpp(11): warning C4244: 'argument': conversion from 'int' to 'float', possible loss of data
d:\libraries\desktop\ub\06. sem 6\pemrograman game\tugas\kelompok\astaga\garuda final lonte\garuda\garuda\gliderpunk\gamemanager.cpp(14): warning C4244: 'argument': conversion from 'int' to 'float', possible loss of data
d:\libraries\desktop\ub\06. sem 6\pemrograman game\tugas\kelompok\astaga\garuda final lonte\garuda\garuda\gliderpunk\gamemanager.cpp(15): warning C4244: 'argument': conversion from 'int' to 'float', possible loss of data
d:\libraries\desktop\ub\06. sem 6\pemrograman game\tugas\kelompok\astaga\garuda final lonte\garuda\garuda\gliderpunk\gamemanager.cpp(17): warning C4244: 'argument': conversion from 'int' to 'float', possible loss of data
  Glider.cpp
d:\libraries\desktop\ub\06. sem 6\pemrograman game\tugas\kelompok\astaga\garuda final lonte\garuda\garuda\engine\math\rect.h(6): warning C4067: unexpected tokens following preprocessor directive - expected a newline
d:\libraries\desktop\ub\06. sem 6\pemrograman game\tugas\kelompok\astaga\garuda final lonte\garuda\garuda\gliderpunk\glider.cpp(19): warning C4305: 'argument': truncation from 'double' to 'float'
d:\libraries\desktop\ub\06. sem 6\pemrograman game\tugas\kelompok\astaga\garuda final lonte\garuda\garuda\gliderpunk\glider.cpp(66): warning C4244: 'argument': conversion from 'int' to 'float', possible loss of data
  InputManager.cpp
d:\libraries\desktop\ub\06. sem 6\pemrograman game\tugas\kelompok\astaga\garuda final lonte\garuda\garuda\engine\math\rect.h(6): warning C4067: unexpected tokens following preprocessor directive - expected a newline
  Pipe.cpp
d:\libraries\desktop\ub\06. sem 6\pemrograman game\tugas\kelompok\astaga\garuda final lonte\garuda\garuda\engine\math\rect.h(6): warning C4067: unexpected tokens following preprocessor directive - expected a newline
  PipeManager.cpp
d:\libraries\desktop\ub\06. sem 6\pemrograman game\tugas\kelompok\astaga\garuda final lonte\garuda\garuda\engine\math\rect.h(6): warning C4067: unexpected tokens following preprocessor directive - expected a newline
d:\libraries\desktop\ub\06. sem 6\pemrograman game\tugas\kelompok\astaga\garuda final lonte\garuda\garuda\gliderpunk\pipemanager.cpp(105): warning C4244: 'initializing': conversion from 'int' to 'float', possible loss of data
d:\libraries\desktop\ub\06. sem 6\pemrograman game\tugas\kelompok\astaga\garuda final lonte\garuda\garuda\gliderpunk\pipemanager.cpp(106): warning C4244: 'argument': conversion from 'int' to 'float', possible loss of data
  Generating Code...
SOIL.lib(image_DXT.obj) : warning LNK4099: PDB 'vc120.pdb' was not found with 'SOIL.lib(image_DXT.obj)' or at 'D:\Libraries\Desktop\UB\06. Sem 6\Pemrograman Game\Tugas\Kelompok\Astaga\Garuda Final Lonte\Garuda\Debug\vc120.pdb'; linking object as if no debug info
SOIL.lib(image_helper.obj) : warning LNK4099: PDB 'vc120.pdb' was not found with 'SOIL.lib(image_helper.obj)' or at 'D:\Libraries\Desktop\UB\06. Sem 6\Pemrograman Game\Tugas\Kelompok\Astaga\Garuda Final Lonte\Garuda\Debug\vc120.pdb'; linking object as if no debug info
SOIL.lib(SOIL.obj) : warning LNK4099: PDB 'vc120.pdb' was not found with 'SOIL.lib(SOIL.obj)' or at 'D:\Libraries\Desktop\UB\06. Sem 6\Pemrograman Game\Tugas\Kelompok\Astaga\Garuda Final Lonte\Garuda\Debug\vc120.pdb'; linking object as if no debug info
SOIL.lib(stb_image_aug.obj) : warning LNK4099: PDB 'vc120.pdb' was not found with 'SOIL.lib(stb_image_aug.obj)' or at 'D:\Libraries\Desktop\UB\06. Sem 6\Pemrograman Game\Tugas\Kelompok\Astaga\Garuda Final Lonte\Garuda\Debug\vc120.pdb'; linking object as if no debug info
  Garuda.vcxproj -> D:\Libraries\Desktop\UB\06. Sem 6\Pemrograman Game\Tugas\Kelompok\Astaga\Garuda Final Lonte\Garuda\Debug\Garuda.exe
