d:\libraries\desktop\ub\06. sem 6\pemrograman game\tugas\kelompok\astaga\garuda final lonte\garuda\garuda\debug\vc141.pdb
d:\libraries\desktop\ub\06. sem 6\pemrograman game\tugas\kelompok\astaga\garuda final lonte\garuda\garuda\debug\vc141.idb
d:\libraries\desktop\ub\06. sem 6\pemrograman game\tugas\kelompok\astaga\garuda final lonte\garuda\garuda\debug\pipemanager.obj
d:\libraries\desktop\ub\06. sem 6\pemrograman game\tugas\kelompok\astaga\garuda final lonte\garuda\garuda\debug\pipe.obj
d:\libraries\desktop\ub\06. sem 6\pemrograman game\tugas\kelompok\astaga\garuda final lonte\garuda\garuda\debug\inputmanager.obj
d:\libraries\desktop\ub\06. sem 6\pemrograman game\tugas\kelompok\astaga\garuda final lonte\garuda\garuda\debug\glider.obj
d:\libraries\desktop\ub\06. sem 6\pemrograman game\tugas\kelompok\astaga\garuda final lonte\garuda\garuda\debug\gamemanager.obj
d:\libraries\desktop\ub\06. sem 6\pemrograman game\tugas\kelompok\astaga\garuda final lonte\garuda\garuda\debug\mouse.obj
d:\libraries\desktop\ub\06. sem 6\pemrograman game\tugas\kelompok\astaga\garuda final lonte\garuda\garuda\debug\texture.obj
d:\libraries\desktop\ub\06. sem 6\pemrograman game\tugas\kelompok\astaga\garuda final lonte\garuda\garuda\debug\sprite.obj
d:\libraries\desktop\ub\06. sem 6\pemrograman game\tugas\kelompok\astaga\garuda final lonte\garuda\garuda\debug\garuda.obj
d:\libraries\desktop\ub\06. sem 6\pemrograman game\tugas\kelompok\astaga\garuda final lonte\garuda\garuda\debug\badankaku.obj
d:\libraries\desktop\ub\06. sem 6\pemrograman game\tugas\kelompok\astaga\garuda final lonte\garuda\garuda\debug\vector3.obj
d:\libraries\desktop\ub\06. sem 6\pemrograman game\tugas\kelompok\astaga\garuda final lonte\garuda\garuda\debug\rect.obj
d:\libraries\desktop\ub\06. sem 6\pemrograman game\tugas\kelompok\astaga\garuda final lonte\garuda\garuda\debug\math.obj
d:\libraries\desktop\ub\06. sem 6\pemrograman game\tugas\kelompok\astaga\garuda final lonte\garuda\garuda\debug\keyboard.obj
d:\libraries\desktop\ub\06. sem 6\pemrograman game\tugas\kelompok\astaga\garuda final lonte\garuda\garuda\debug\text.obj
d:\libraries\desktop\ub\06. sem 6\pemrograman game\tugas\kelompok\astaga\garuda final lonte\garuda\garuda\debug\engine.obj
d:\libraries\desktop\ub\06. sem 6\pemrograman game\tugas\kelompok\astaga\garuda final lonte\garuda\garuda\debug\garuda.tlog\cl.command.1.tlog
d:\libraries\desktop\ub\06. sem 6\pemrograman game\tugas\kelompok\astaga\garuda final lonte\garuda\garuda\debug\garuda.tlog\cl.read.1.tlog
d:\libraries\desktop\ub\06. sem 6\pemrograman game\tugas\kelompok\astaga\garuda final lonte\garuda\garuda\debug\garuda.tlog\cl.write.1.tlog
d:\libraries\desktop\ub\06. sem 6\pemrograman game\tugas\kelompok\astaga\garuda final lonte\garuda\garuda\debug\garuda.tlog\link.command.1.tlog
d:\libraries\desktop\ub\06. sem 6\pemrograman game\tugas\kelompok\astaga\garuda final lonte\garuda\garuda\debug\garuda.tlog\link.read.1.tlog
d:\libraries\desktop\ub\06. sem 6\pemrograman game\tugas\kelompok\astaga\garuda final lonte\garuda\garuda\debug\garuda.tlog\link.write.1.tlog
